<?xml version="1.0" encoding="UTF-8"?>
<!-- Generated by org.testng.reporters.JUnitReportReporter -->
<testsuite skipped="0" hostname="Biplab" name="tests.FlipkartTest" tests="1" failures="0" timestamp="29 Jun 2020 05:38:50 GMT" time="13.984" errors="0">
  <testcase name="validateMenuHeaders" time="13.984" classname="tests.FlipkartTest"/>
</testsuite> <!-- tests.FlipkartTest -->
