<?xml version="1.0" encoding="UTF-8"?>
<!-- Generated by org.testng.reporters.JUnitReportReporter -->
<testsuite skipped="0" hostname="DESKTOP-7NPID51" name="FlipKart.FlipKart.AppTest" tests="1" failures="0" timestamp="2020-07-25T21:47:02 CDT" time="0.005" errors="0">
  <testcase name="testApp" time="0.005" classname="FlipKart.FlipKart.AppTest"/>
  <system-out/>
</testsuite> <!-- FlipKart.FlipKart.AppTest -->
